0 info it worked if it ends with ok
1 verbose cli [ 'C:\\Program Files\\nodejs\\node.exe',
1 verbose cli   'C:\\Program Files\\nodejs\\node_modules\\npm\\bin\\npm-cli.js',
1 verbose cli   'publish' ]
2 info using npm@4.1.2
3 info using node@v7.7.3
4 verbose publish [ '.' ]
5 silly cache add args [ '.', null ]
6 verbose cache add spec .
7 silly cache add parsed spec Result {
7 silly cache add   raw: '.',
7 silly cache add   scope: null,
7 silly cache add   escapedName: null,
7 silly cache add   name: null,
7 silly cache add   rawSpec: '.',
7 silly cache add   spec: 'X:\\www\\data-toggle-class',
7 silly cache add   type: 'directory' }
8 verbose addLocalDirectory C:\Users\Myke\AppData\Roaming\npm-cache\data-toggle-class\1.0.0\package.tgz not in flight; packing
9 verbose correctMkdir C:\Users\Myke\AppData\Roaming\npm-cache correctMkdir not in flight; initializing
10 info lifecycle data-toggle-class@1.0.0~prepublish: data-toggle-class@1.0.0
11 silly lifecycle data-toggle-class@1.0.0~prepublish: no script for prepublish, continuing
12 info lifecycle data-toggle-class@1.0.0~prepare: data-toggle-class@1.0.0
13 silly lifecycle data-toggle-class@1.0.0~prepare: no script for prepare, continuing
14 verbose tar pack [ 'C:\\Users\\Myke\\AppData\\Roaming\\npm-cache\\data-toggle-class\\1.0.0\\package.tgz',
14 verbose tar pack   'X:\\www\\data-toggle-class' ]
15 verbose tarball C:\Users\Myke\AppData\Roaming\npm-cache\data-toggle-class\1.0.0\package.tgz
16 verbose folder X:\www\data-toggle-class
17 verbose addLocalTarball adding from inside cache C:\Users\Myke\AppData\Roaming\npm-cache\data-toggle-class\1.0.0\package.tgz
18 verbose correctMkdir C:\Users\Myke\AppData\Roaming\npm-cache correctMkdir not in flight; initializing
19 silly cache afterAdd data-toggle-class@1.0.0
20 verbose afterAdd C:\Users\Myke\AppData\Roaming\npm-cache\data-toggle-class\1.0.0\package\package.json not in flight; writing
21 verbose correctMkdir C:\Users\Myke\AppData\Roaming\npm-cache correctMkdir not in flight; initializing
22 verbose afterAdd C:\Users\Myke\AppData\Roaming\npm-cache\data-toggle-class\1.0.0\package\package.json written
23 silly publish { name: 'data-toggle-class',
23 silly publish   version: '1.0.0',
23 silly publish   description: 'Toggle \'open\' class for [data-toggle] elements when used',
23 silly publish   main: 'js/data-toggle-class.js',
23 silly publish   repository:
23 silly publish    { type: 'git',
23 silly publish      url: 'git+https://github.com/entozoon/data-toggle-class.git' },
23 silly publish   author: { name: 'MichaelCook', email: 'michae@michaelcook.tech' },
23 silly publish   license: 'ISC',
23 silly publish   bugs: { url: 'https://github.com/entozoon/data-toggle-class/issues' },
23 silly publish   homepage: 'https://github.com/entozoon/data-toggle-class#readme',
23 silly publish   readme: '# Data Toggle Class (Bootstrap addition)\n\nToggle \'open\' class on Bootstrap style [data-toggle] collapse elements when used.\n\n## Install (any of:)\n\n\tyarn add data-toggle-class\n\tnpm install data-toggle-class\n\tbower install data-toggle-class\n\n## Integrate\n\nInclude/Compile it however you wish, for example:\n\nWebpack might be as simple as:\n\n\trequire(\'data-toggle-class/js/data-toggle-class.js\');\n\n[lapis-compiler](https://github.com/entozoon/lapis-compiler):\n\n\t#=include /node_modules/data-toggle-class/js/data-toggle-class.js\n',
23 silly publish   readmeFilename: 'README.md',
23 silly publish   gitHead: '47fd08218564103a3b8166f527e8b256b973cd2f',
23 silly publish   _id: 'data-toggle-class@1.0.0',
23 silly publish   scripts: {},
23 silly publish   _shasum: '90dd7dc11b01686b03163f54d7465601605dc14d',
23 silly publish   _from: '.' }
24 info lifecycle data-toggle-class@1.0.0~prepublishOnly: data-toggle-class@1.0.0
25 silly lifecycle data-toggle-class@1.0.0~prepublishOnly: no script for prepublishOnly, continuing
26 verbose getPublishConfig undefined
27 silly mapToRegistry name data-toggle-class
28 silly mapToRegistry using default registry
29 silly mapToRegistry registry https://registry.npmjs.org/
30 silly mapToRegistry data Result {
30 silly mapToRegistry   raw: 'data-toggle-class',
30 silly mapToRegistry   scope: null,
30 silly mapToRegistry   escapedName: 'data-toggle-class',
30 silly mapToRegistry   name: 'data-toggle-class',
30 silly mapToRegistry   rawSpec: '',
30 silly mapToRegistry   spec: 'latest',
30 silly mapToRegistry   type: 'tag' }
31 silly mapToRegistry uri https://registry.npmjs.org/data-toggle-class
32 verbose publish registryBase https://registry.npmjs.org/
33 silly publish uploading C:\Users\Myke\AppData\Roaming\npm-cache\data-toggle-class\1.0.0\package.tgz
34 verbose request uri https://registry.npmjs.org/data-toggle-class
35 verbose request sending authorization for write operation
36 info attempt registry request try #1 at 12:38:31 PM
37 verbose request using bearer token for auth
38 verbose request id b4a69ec4a2cfd836
39 http request PUT https://registry.npmjs.org/data-toggle-class
40 http 403 https://registry.npmjs.org/data-toggle-class
41 verbose headers { 'content-type': 'application/json',
41 verbose headers   'cache-control': 'max-age=300',
41 verbose headers   'content-length': '95',
41 verbose headers   'accept-ranges': 'bytes',
41 verbose headers   date: 'Mon, 27 Mar 2017 11:38:32 GMT',
41 verbose headers   via: '1.1 varnish',
41 verbose headers   connection: 'keep-alive',
41 verbose headers   'x-served-by': 'cache-lcy1134-LCY',
41 verbose headers   'x-cache': 'MISS',
41 verbose headers   'x-cache-hits': '0',
41 verbose headers   'x-timer': 'S1490614711.595950,VS0,VE774',
41 verbose headers   vary: 'Accept-Encoding' }
42 verbose request invalidating C:\Users\Myke\AppData\Roaming\npm-cache\registry.npmjs.org\data-toggle-class on PUT
43 error publish Failed PUT 403
44 verbose stack Error: "You cannot publish over the previously published version 1.0.0." : data-toggle-class
44 verbose stack     at makeError (C:\Program Files\nodejs\node_modules\npm\node_modules\npm-registry-client\lib\request.js:304:12)
44 verbose stack     at CachingRegistryClient.<anonymous> (C:\Program Files\nodejs\node_modules\npm\node_modules\npm-registry-client\lib\request.js:292:14)
44 verbose stack     at Request._callback (C:\Program Files\nodejs\node_modules\npm\node_modules\npm-registry-client\lib\request.js:212:14)
44 verbose stack     at Request.self.callback (C:\Program Files\nodejs\node_modules\npm\node_modules\request\request.js:186:22)
44 verbose stack     at emitTwo (events.js:106:13)
44 verbose stack     at Request.emit (events.js:194:7)
44 verbose stack     at Request.<anonymous> (C:\Program Files\nodejs\node_modules\npm\node_modules\request\request.js:1081:10)
44 verbose stack     at emitOne (events.js:96:13)
44 verbose stack     at Request.emit (events.js:191:7)
44 verbose stack     at IncomingMessage.<anonymous> (C:\Program Files\nodejs\node_modules\npm\node_modules\request\request.js:1001:12)
45 verbose statusCode 403
46 verbose pkgid data-toggle-class
47 verbose cwd X:\www\data-toggle-class
48 error Windows_NT 6.1.7601
49 error argv "C:\\Program Files\\nodejs\\node.exe" "C:\\Program Files\\nodejs\\node_modules\\npm\\bin\\npm-cli.js" "publish"
50 error node v7.7.3
51 error npm  v4.1.2
52 error code E403
53 error "You cannot publish over the previously published version 1.0.0." : data-toggle-class
54 error If you need help, you may report this error at:
54 error     <https://github.com/npm/npm/issues>
55 verbose exit [ 1, true ]
